<?xml version="1.0" encoding="UTF-8"?>
<testsuite xmlns:xsi="http://www.w3.org/2001/XMLSchema-instance" xsi:noNamespaceSchemaLocation="https://maven.apache.org/surefire/maven-surefire-plugin/xsd/surefire-test-report-3.0.xsd" version="3.0" name="com.controllocal.model.comercial.ModeloOperativoTest" time="0.96" tests="9" errors="0" skipped="0" failures="0">
  <properties>
[...]
</properties>
  <testcase name="operacionComercialSoloAdmiteAlquiler" classname="com.controllocal.model.comercial.ModeloOperativoTest" time="0.143"/>
  <testcase name="documentoLegacySeConvierteAlCatalogo" classname="com.controllocal.model.comercial.ModeloOperativoTest" time="0.219"/>
  <testcase name="oportunidadInicializaAtribucionSinRomperElFlujoAnterior" classname="com.controllocal.model.comercial.ModeloOperativoTest" time="0.083"/>
  <testcase name="requerimientoCopiaLaListaDeDistritos" classname="com.controllocal.model.comercial.ModeloOperativoTest" time="0.123"/>
  <testcase name="descarteEliminaNivelDeInteres" classname="com.controllocal.model.comercial.ModeloOperativoTest" time="0.049"/>
  <testcase name="visitaNoRealizadaNoAdmiteResultado" classname="com.controllocal.model.comercial.ModeloOperativoTest" time="0.003"/>
  <testcase name="visitaDebeMarcarseRealizadaAntesDeRegistrarResultado" classname="com.controllocal.model.comercial.ModeloOperativoTest" time="0.002"/>
  <testcase name="visitaCanceladaONoRealizadaLimpiaDesenlaceComercial" classname="com.controllocal.model.comercial.ModeloOperativoTest" time="0.122"/>
  <testcase name="inmuebleYaNoContieneEstadoDePublicacion" classname="com.controllocal.model.comercial.ModeloOperativoTest" time="0.08"/>
</testsuite>