-------------------------------------------------------------------------------
Test set: com.controllocal.rest.arquitectura.ArquitecturaCapasTest
-------------------------------------------------------------------------------
Tests run: 2, Failures: 1, Errors: 0, Skipped: 0, Time elapsed: 2.884 s <<< FAILURE! -- in com.controllocal.rest.arquitectura.ArquitecturaCapasTest
com.controllocal.rest.arquitectura.ArquitecturaCapasTest.la_capa_rest_no_accede_directamente_al_dao -- Time elapsed: 0.031 s <<< FAILURE!
java.lang.AssertionError: 
Architecture Violation [Priority: MEDIUM] - Rule 'no classes that reside in a package 'com.controllocal.rest..' should depend on classes that reside in a package 'com.controllocal.dao..', because La capa REST solo debe comunicarse con la BL; el DAO se accede unicamente desde la BL.' was violated (22 times):
Constructor <com.controllocal.rest.OportunidadesRest.<init>()> calls constructor <com.controllocal.dao.impl.OportunidadComercialDAOImpl.<init>()> in (OportunidadesRest.java:44)
Constructor <com.controllocal.rest.VisitasRest.<init>()> calls constructor <com.controllocal.dao.impl.VisitaDAOImpl.<init>()> in (VisitasRest.java:49)
Field <com.controllocal.rest.OportunidadesRest.oportunidadesDao> has type <com.controllocal.dao.impl.OportunidadComercialDAOImpl> in (OportunidadesRest.java:0)
Field <com.controllocal.rest.VisitasRest.visitasDao> has type <com.controllocal.dao.impl.VisitaDAOImpl> in (VisitasRest.java:0)
Method <com.controllocal.rest.OportunidadesRest.oportunidadesDelUsuarioPagina(com.controllocal.rest.seguridad.UsuarioAutenticado, int, int, java.lang.Long, java.lang.Long, java.lang.String)> calls method <com.controllocal.dao.impl.OportunidadComercialDAOImpl.contar(java.util.Collection, java.util.Collection, java.lang.Long, java.lang.Long, java.lang.String)> in (OportunidadesRest.java:158)
Method <com.controllocal.rest.OportunidadesRest.oportunidadesDelUsuarioPagina(com.controllocal.rest.seguridad.UsuarioAutenticado, int, int, java.lang.Long, java.lang.Long, java.lang.String)> calls method <com.controllocal.dao.impl.OportunidadComercialDAOImpl.contar(java.util.Collection, java.util.Collection, java.lang.Long, java.lang.Long, java.lang.String)> in (OportunidadesRest.java:163)
Method <com.controllocal.rest.OportunidadesRest.oportunidadesDelUsuarioPagina(com.controllocal.rest.seguridad.UsuarioAutenticado, int, int, java.lang.Long, java.lang.Long, java.lang.String)> calls method <com.controllocal.dao.impl.OportunidadComercialDAOImpl.contar(java.util.Collection, java.util.Collection, java.lang.Long, java.lang.Long, java.lang.String)> in (OportunidadesRest.java:171)
Method <com.controllocal.rest.OportunidadesRest.oportunidadesDelUsuarioPagina(com.controllocal.rest.seguridad.UsuarioAutenticado, int, int, java.lang.Long, java.lang.Long, java.lang.String)> calls method <com.controllocal.dao.impl.OportunidadComercialDAOImpl.listarPagina(java.util.Collection, java.util.Collection, java.lang.Long, java.lang.Long, java.lang.String, int, int)> in (OportunidadesRest.java:157)
Method <com.controllocal.rest.OportunidadesRest.oportunidadesDelUsuarioPagina(com.controllocal.rest.seguridad.UsuarioAutenticado, int, int, java.lang.Long, java.lang.Long, java.lang.String)> calls method <com.controllocal.dao.impl.OportunidadComercialDAOImpl.listarPagina(java.util.Collection, java.util.Collection, java.lang.Long, java.lang.Long, java.lang.String, int, int)> in (OportunidadesRest.java:162)
Method <com.controllocal.rest.OportunidadesRest.oportunidadesDelUsuarioPagina(com.controllocal.rest.seguridad.UsuarioAutenticado, int, int, java.lang.Long, java.lang.Long, java.lang.String)> calls method <com.controllocal.dao.impl.OportunidadComercialDAOImpl.listarPagina(java.util.Collection, java.util.Collection, java.lang.Long, java.lang.Long, java.lang.String, int, int)> in (OportunidadesRest.java:170)
Method <com.controllocal.rest.VisitasRest.visitasDelMes(com.controllocal.rest.seguridad.UsuarioAutenticado, int, int)> calls method <com.controllocal.dao.impl.VisitaDAOImpl.listarMes(java.util.Collection, java.util.Collection, int, int)> in (VisitasRest.java:290)
Method <com.controllocal.rest.VisitasRest.visitasDelMes(com.controllocal.rest.seguridad.UsuarioAutenticado, int, int)> calls method <com.controllocal.dao.impl.VisitaDAOImpl.listarMes(java.util.Collection, java.util.Collection, int, int)> in (VisitasRest.java:293)
Method <com.controllocal.rest.VisitasRest.visitasDelMes(com.controllocal.rest.seguridad.UsuarioAutenticado, int, int)> calls method <com.controllocal.dao.impl.VisitaDAOImpl.listarMes(java.util.Collection, java.util.Collection, int, int)> in (VisitasRest.java:299)
Method <com.controllocal.rest.VisitasRest.visitasDelUsuarioPagina(com.controllocal.rest.seguridad.UsuarioAutenticado, int, int, java.lang.Long, java.lang.String, java.lang.String, java.lang.String)> calls method <com.controllocal.dao.impl.VisitaDAOImpl.contar(java.util.Collection, java.util.Collection, java.lang.Long, java.lang.String, java.lang.String, java.lang.String)> in (VisitasRest.java:254)
Method <com.controllocal.rest.VisitasRest.visitasDelUsuarioPagina(com.controllocal.rest.seguridad.UsuarioAutenticado, int, int, java.lang.Long, java.lang.String, java.lang.String, java.lang.String)> calls method <com.controllocal.dao.impl.VisitaDAOImpl.contar(java.util.Collection, java.util.Collection, java.lang.Long, java.lang.String, java.lang.String, java.lang.String)> in (VisitasRest.java:259)
Method <com.controllocal.rest.VisitasRest.visitasDelUsuarioPagina(com.controllocal.rest.seguridad.UsuarioAutenticado, int, int, java.lang.Long, java.lang.String, java.lang.String, java.lang.String)> calls method <com.controllocal.dao.impl.VisitaDAOImpl.contar(java.util.Collection, java.util.Collection, java.lang.Long, java.lang.String, java.lang.String, java.lang.String)> in (VisitasRest.java:267)
Method <com.controllocal.rest.VisitasRest.visitasDelUsuarioPagina(com.controllocal.rest.seguridad.UsuarioAutenticado, int, int, java.lang.Long, java.lang.String, java.lang.String, java.lang.String)> calls method <com.controllocal.dao.impl.VisitaDAOImpl.listarPagina(java.util.Collection, java.util.Collection, java.lang.Long, java.lang.String, java.lang.String, java.lang.String, int, int)> in (VisitasRest.java:253)
Method <com.controllocal.rest.VisitasRest.visitasDelUsuarioPagina(com.controllocal.rest.seguridad.UsuarioAutenticado, int, int, java.lang.Long, java.lang.String, java.lang.String, java.lang.String)> calls method <com.controllocal.dao.impl.VisitaDAOImpl.listarPagina(java.util.Collection, java.util.Collection, java.lang.Long, java.lang.String, java.lang.String, java.lang.String, int, int)> in (VisitasRest.java:258)
Method <com.controllocal.rest.VisitasRest.visitasDelUsuarioPagina(com.controllocal.rest.seguridad.UsuarioAutenticado, int, int, java.lang.Long, java.lang.String, java.lang.String, java.lang.String)> calls method <com.controllocal.dao.impl.VisitaDAOImpl.listarPagina(java.util.Collection, java.util.Collection, java.lang.Long, java.lang.String, java.lang.String, java.lang.String, int, int)> in (VisitasRest.java:266)
Method <com.controllocal.rest.VisitasRest.visitasProximasDelUsuario(com.controllocal.rest.seguridad.UsuarioAutenticado, int)> calls method <com.controllocal.dao.impl.VisitaDAOImpl.listarProximas(java.util.Collection, java.util.Collection, int)> in (VisitasRest.java:274)
Method <com.controllocal.rest.VisitasRest.visitasProximasDelUsuario(com.controllocal.rest.seguridad.UsuarioAutenticado, int)> calls method <com.controllocal.dao.impl.VisitaDAOImpl.listarProximas(java.util.Collection, java.util.Collection, int)> in (VisitasRest.java:277)
Method <com.controllocal.rest.VisitasRest.visitasProximasDelUsuario(com.controllocal.rest.seguridad.UsuarioAutenticado, int)> calls method <com.controllocal.dao.impl.VisitaDAOImpl.listarProximas(java.util.Collection, java.util.Collection, int)> in (VisitasRest.java:283)
	at com.tngtech.archunit.lang.ArchRule$Assertions.assertNoViolation(ArchRule.java:94)
	at com.tngtech.archunit.lang.ArchRule$Assertions.check(ArchRule.java:86)
	at com.tngtech.archunit.lang.ArchRule$Factory$SimpleArchRule.check(ArchRule.java:165)
	at com.controllocal.rest.arquitectura.ArquitecturaCapasTest.la_capa_rest_no_accede_directamente_al_dao(ArquitecturaCapasTest.java:28)
	at java.base/java.lang.reflect.Method.invoke(Method.java:565)
	at java.base/java.util.ArrayList.forEach(ArrayList.java:1604)
	at java.base/java.util.ArrayList.forEach(ArrayList.java:1604)

