<?xml version="1.0" encoding="UTF-8"?>
<testsuite xmlns:xsi="http://www.w3.org/2001/XMLSchema-instance" xsi:noNamespaceSchemaLocation="https://maven.apache.org/surefire/maven-surefire-plugin/xsd/surefire-test-report-3.0.xsd" version="3.0" name="com.controllocal.rest.reports.JasperPdfServiceTest" time="4.828" tests="5" errors="0" skipped="0" failures="0">
  <properties>
[...]
</properties>
  <testcase name="generaFichaPropiedadPdf" classname="com.controllocal.rest.reports.JasperPdfServiceTest" time="3.145">
    <system-err><![CDATA[SLF4J(W): No SLF4J providers were found.
SLF4J(W): Defaulting to no-operation (NOP) logger implementation
SLF4J(W): See https://www.slf4j.org/codes.html#noProviders for further details.
]]></system-err>
  </testcase>
  <testcase name="generaReportePropietarioPdf" classname="com.controllocal.rest.reports.JasperPdfServiceTest" time="0.671"/>
  <testcase name="generaReporteIndicadoresPdf" classname="com.controllocal.rest.reports.JasperPdfServiceTest" time="0.713"/>
  <testcase name="generaFichaCaptacionPdf" classname="com.controllocal.rest.reports.JasperPdfServiceTest" time="0.146"/>
  <testcase name="generaContratoExclusividadPdf" classname="com.controllocal.rest.reports.JasperPdfServiceTest" time="0.081"/>
</testsuite>