<?xml version="1.0" encoding="UTF-8"?>
<testsuite xmlns:xsi="http://www.w3.org/2001/XMLSchema-instance" xsi:noNamespaceSchemaLocation="https://maven.apache.org/surefire/maven-surefire-plugin/xsd/surefire-test-report-3.0.xsd" version="3.0" name="com.controllocal.rest.arquitectura.ArquitecturaCapasTest" time="2.884" tests="2" errors="0" skipped="0" failures="1">
  <properties>
[...]
</properties>
  <testcase name="la_capa_rest_no_accede_directamente_a_la_conexion_de_bd" classname="com.controllocal.rest.arquitectura.ArquitecturaCapasTest" time="0.297">
    <system-err><![CDATA[SLF4J(W): No SLF4J providers were found.
SLF4J(W): Defaulting to no-operation (NOP) logger implementation
SLF4J(W): See https://www.slf4j.org/codes.html#noProviders for further details.
]]></system-err>
  </testcase>
  <testcase name="la_capa_rest_no_accede_directamente_al_dao" classname="com.controllocal.rest.arquitectura.ArquitecturaCapasTest" time="0.031">
    <failure message="Architecture Violation [Priority: MEDIUM] - Rule &apos;no classes that reside in a package &apos;com.controllocal.rest..&apos; should depend on classes that reside in a package &apos;com.controllocal.dao..&apos;, because La capa REST solo debe comunicarse con la BL; el DAO se accede unicamente desde la BL.&apos; was violated (22 times):&#10;Constructor &lt;com.controllocal.rest.OportunidadesRest.&lt;init&gt;()&gt; calls constructor &lt;com.controllocal.dao.impl.OportunidadComercialDAOImpl.&lt;init&gt;()&gt; in (OportunidadesRest.java:44)&#10;Constructor &lt;com.controllocal.rest.VisitasRest.&lt;init&gt;()&gt; calls constructor &lt;com.controllocal.dao.impl.VisitaDAOImpl.&lt;init&gt;()&gt; in (VisitasRest.java:49)&#10;Field &lt;com.controllocal.rest.OportunidadesRest.oportunidadesDao&gt; has type &lt;com.controllocal.dao.impl.OportunidadComercialDAOImpl&gt; in (OportunidadesRest.java:0)&#10;Field &lt;com.controllocal.rest.VisitasRest.visitasDao&gt; has type &lt;com.controllocal.dao.impl.VisitaDAOImpl&gt; in (VisitasRest.java:0)&#10;Method &lt;com.controllocal.rest.OportunidadesRest.oportunidadesDelUsuarioPagina(com.controllocal.rest.seguridad.UsuarioAutenticado, int, int, java.lang.Long, java.lang.Long, java.lang.String)&gt; calls method &lt;com.controllocal.dao.impl.OportunidadComercialDAOImpl.contar(java.util.Collection, java.util.Collection, java.lang.Long, java.lang.Long, java.lang.String)&gt; in (OportunidadesRest.java:158)&#10;Method &lt;com.controllocal.rest.OportunidadesRest.oportunidadesDelUsuarioPagina(com.controllocal.rest.seguridad.UsuarioAutenticado, int, int, java.lang.Long, java.lang.Long, java.lang.String)&gt; calls method &lt;com.controllocal.dao.impl.OportunidadComercialDAOImpl.contar(java.util.Collection, java.util.Collection, java.lang.Long, java.lang.Long, java.lang.String)&gt; in (OportunidadesRest.java:163)&#10;Method &lt;com.controllocal.rest.OportunidadesRest.oportunidadesDelUsuarioPagina(com.controllocal.rest.seguridad.UsuarioAutenticado, int, int, java.lang.Long, java.lang.Long, java.lang.String)&gt; calls method &lt;com.controllocal.dao.impl.OportunidadComercialDAOImpl.contar(java.util.Collection, java.util.Collection, java.lang.Long, java.lang.Long, java.lang.String)&gt; in (OportunidadesRest.java:171)&#10;Method &lt;com.controllocal.rest.OportunidadesRest.oportunidadesDelUsuarioPagina(com.controllocal.rest.seguridad.UsuarioAutenticado, int, int, java.lang.Long, java.lang.Long, java.lang.String)&gt; calls method &lt;com.controllocal.dao.impl.OportunidadComercialDAOImpl.listarPagina(java.util.Collection, java.util.Collection, java.lang.Long, java.lang.Long, java.lang.String, int, int)&gt; in (OportunidadesRest.java:157)&#10;Method &lt;com.controllocal.rest.OportunidadesRest.oportunidadesDelUsuarioPagina(com.controllocal.rest.seguridad.UsuarioAutenticado, int, int, java.lang.Long, java.lang.Long, java.lang.String)&gt; calls method &lt;com.controllocal.dao.impl.OportunidadComercialDAOImpl.listarPagina(java.util.Collection, java.util.Collection, java.lang.Long, java.lang.Long, java.lang.String, int, int)&gt; in (OportunidadesRest.java:162)&#10;Method &lt;com.controllocal.rest.OportunidadesRest.oportunidadesDelUsuarioPagina(com.controllocal.rest.seguridad.UsuarioAutenticado, int, int, java.lang.Long, java.lang.Long, java.lang.String)&gt; calls method &lt;com.controllocal.dao.impl.OportunidadComercialDAOImpl.listarPagina(java.util.Collection, java.util.Collection, java.lang.Long, java.lang.Long, java.lang.String, int, int)&gt; in (OportunidadesRest.java:170)&#10;Method &lt;com.controllocal.rest.VisitasRest.visitasDelMes(com.controllocal.rest.seguridad.UsuarioAutenticado, int, int)&gt; calls method &lt;com.controllocal.dao.impl.VisitaDAOImpl.listarMes(java.util.Collection, java.util.Collection, int, int)&gt; in (VisitasRest.java:290)&#10;Method &lt;com.controllocal.rest.VisitasRest.visitasDelMes(com.controllocal.rest.seguridad.UsuarioAutenticado, int, int)&gt; calls method &lt;com.controllocal.dao.impl.VisitaDAOImpl.listarMes(java.util.Collection, java.util.Collection, int, int)&gt; in (VisitasRest.java:293)&#10;Method &lt;com.controllocal.rest.VisitasRest.visitasDelMes(com.controllocal.rest.seguridad.UsuarioAutenticado, int, int)&gt; calls method &lt;com.controllocal.dao.impl.VisitaDAOImpl.listarMes(java.util.Collection, java.util.Collection, int, int)&gt; in (VisitasRest.java:299)&#10;Method &lt;com.controllocal.rest.VisitasRest.visitasDelUsuarioPagina(com.controllocal.rest.seguridad.UsuarioAutenticado, int, int, java.lang.Long, java.lang.String, java.lang.String, java.lang.String)&gt; calls method &lt;com.controllocal.dao.impl.VisitaDAOImpl.contar(java.util.Collection, java.util.Collection, java.lang.Long, java.lang.String, java.lang.String, java.lang.String)&gt; in (VisitasRest.java:254)&#10;Method &lt;com.controllocal.rest.VisitasRest.visitasDelUsuarioPagina(com.controllocal.rest.seguridad.UsuarioAutenticado, int, int, java.lang.Long, java.lang.String, java.lang.String, java.lang.String)&gt; calls method &lt;com.controllocal.dao.impl.VisitaDAOImpl.contar(java.util.Collection, java.util.Collection, java.lang.Long, java.lang.String, java.lang.String, java.lang.String)&gt; in (VisitasRest.java:259)&#10;Method &lt;com.controllocal.rest.VisitasRest.visitasDelUsuarioPagina(com.controllocal.rest.seguridad.UsuarioAutenticado, int, int, java.lang.Long, java.lang.String, java.lang.String, java.lang.String)&gt; calls method &lt;com.controllocal.dao.impl.VisitaDAOImpl.contar(java.util.Collection, java.util.Collection, java.lang.Long, java.lang.String, java.lang.String, java.lang.String)&gt; in (VisitasRest.java:267)&#10;Method &lt;com.controllocal.rest.VisitasRest.visitasDelUsuarioPagina(com.controllocal.rest.seguridad.UsuarioAutenticado, int, int, java.lang.Long, java.lang.String, java.lang.String, java.lang.String)&gt; calls method &lt;com.controllocal.dao.impl.VisitaDAOImpl.listarPagina(java.util.Collection, java.util.Collection, java.lang.Long, java.lang.String, java.lang.String, java.lang.String, int, int)&gt; in (VisitasRest.java:253)&#10;Method &lt;com.controllocal.rest.VisitasRest.visitasDelUsuarioPagina(com.controllocal.rest.seguridad.UsuarioAutenticado, int, int, java.lang.Long, java.lang.String, java.lang.String, java.lang.String)&gt; calls method &lt;com.controllocal.dao.impl.VisitaDAOImpl.listarPagina(java.util.Collection, java.util.Collection, java.lang.Long, java.lang.String, java.lang.String, java.lang.String, int, int)&gt; in (VisitasRest.java:258)&#10;Method &lt;com.controllocal.rest.VisitasRest.visitasDelUsuarioPagina(com.controllocal.rest.seguridad.UsuarioAutenticado, int, int, java.lang.Long, java.lang.String, java.lang.String, java.lang.String)&gt; calls method &lt;com.controllocal.dao.impl.VisitaDAOImpl.listarPagina(java.util.Collection, java.util.Collection, java.lang.Long, java.lang.String, java.lang.String, java.lang.String, int, int)&gt; in (VisitasRest.java:266)&#10;Method &lt;com.controllocal.rest.VisitasRest.visitasProximasDelUsuario(com.controllocal.rest.seguridad.UsuarioAutenticado, int)&gt; calls method &lt;com.controllocal.dao.impl.VisitaDAOImpl.listarProximas(java.util.Collection, java.util.Collection, int)&gt; in (VisitasRest.java:274)&#10;Method &lt;com.controllocal.rest.VisitasRest.visitasProximasDelUsuario(com.controllocal.rest.seguridad.UsuarioAutenticado, int)&gt; calls method &lt;com.controllocal.dao.impl.VisitaDAOImpl.listarProximas(java.util.Collection, java.util.Collection, int)&gt; in (VisitasRest.java:277)&#10;Method &lt;com.controllocal.rest.VisitasRest.visitasProximasDelUsuario(com.controllocal.rest.seguridad.UsuarioAutenticado, int)&gt; calls method &lt;com.controllocal.dao.impl.VisitaDAOImpl.listarProximas(java.util.Collection, java.util.Collection, int)&gt; in (VisitasRest.java:283)" type="java.lang.AssertionError"><![CDATA[java.lang.AssertionError: 
Architecture Violation [Priority: MEDIUM] - Rule 'no classes that reside in a package 'com.controllocal.rest..' should depend on classes that reside in a package 'com.controllocal.dao..', because La capa REST solo debe comunicarse con la BL; el DAO se accede unicamente desde la BL.' was violated (22 times):
Constructor <com.controllocal.rest.OportunidadesRest.<init>()> calls constructor <com.controllocal.dao.impl.OportunidadComercialDAOImpl.<init>()> in (OportunidadesRest.java:44)
Constructor <com.controllocal.rest.VisitasRest.<init>()> calls constructor <com.controllocal.dao.impl.VisitaDAOImpl.<init>()> in (VisitasRest.java:49)
Field <com.controllocal.rest.OportunidadesRest.oportunidadesDao> has type <com.controllocal.dao.impl.OportunidadComercialDAOImpl> in (OportunidadesRest.java:0)
Field <com.controllocal.rest.VisitasRest.visitasDao> has type <com.controllocal.dao.impl.VisitaDAOImpl> in (VisitasRest.java:0)
Method <com.controllocal.rest.OportunidadesRest.oportunidadesDelUsuarioPagina(com.controllocal.rest.seguridad.UsuarioAutenticado, int, int, java.lang.Long, java.lang.Long, java.lang.String)> calls method <com.controllocal.dao.impl.OportunidadComercialDAOImpl.contar(java.util.Collection, java.util.Collection, java.lang.Long, java.lang.Long, java.lang.String)> in (OportunidadesRest.java:158)
Method <com.controllocal.rest.OportunidadesRest.oportunidadesDelUsuarioPagina(com.controllocal.rest.seguridad.UsuarioAutenticado, int, int, java.lang.Long, java.lang.Long, java.lang.String)> calls method <com.controllocal.dao.impl.OportunidadComercialDAOImpl.contar(java.util.Collection, java.util.Collection, java.lang.Long, java.lang.Long, java.lang.String)> in (OportunidadesRest.java:163)
Method <com.controllocal.rest.OportunidadesRest.oportunidadesDelUsuarioPagina(com.controllocal.rest.seguridad.UsuarioAutenticado, int, int, java.lang.Long, java.lang.Long, java.lang.String)> calls method <com.controllocal.dao.impl.OportunidadComercialDAOImpl.contar(java.util.Collection, java.util.Collection, java.lang.Long, java.lang.Long, java.lang.String)> in (OportunidadesRest.java:171)
Method <com.controllocal.rest.OportunidadesRest.oportunidadesDelUsuarioPagina(com.controllocal.rest.seguridad.UsuarioAutenticado, int, int, java.lang.Long, java.lang.Long, java.lang.String)> calls method <com.controllocal.dao.impl.OportunidadComercialDAOImpl.listarPagina(java.util.Collection, java.util.Collection, java.lang.Long, java.lang.Long, java.lang.String, int, int)> in (OportunidadesRest.java:157)
Method <com.controllocal.rest.OportunidadesRest.oportunidadesDelUsuarioPagina(com.controllocal.rest.seguridad.UsuarioAutenticado, int, int, java.lang.Long, java.lang.Long, java.lang.String)> calls method <com.controllocal.dao.impl.OportunidadComercialDAOImpl.listarPagina(java.util.Collection, java.util.Collection, java.lang.Long, java.lang.Long, java.lang.String, int, int)> in (OportunidadesRest.java:162)
Method <com.controllocal.rest.OportunidadesRest.oportunidadesDelUsuarioPagina(com.controllocal.rest.seguridad.UsuarioAutenticado, int, int, java.lang.Long, java.lang.Long, java.lang.String)> calls method <com.controllocal.dao.impl.OportunidadComercialDAOImpl.listarPagina(java.util.Collection, java.util.Collection, java.lang.Long, java.lang.Long, java.lang.String, int, int)> in (OportunidadesRest.java:170)
Method <com.controllocal.rest.VisitasRest.visitasDelMes(com.controllocal.rest.seguridad.UsuarioAutenticado, int, int)> calls method <com.controllocal.dao.impl.VisitaDAOImpl.listarMes(java.util.Collection, java.util.Collection, int, int)> in (VisitasRest.java:290)
Method <com.controllocal.rest.VisitasRest.visitasDelMes(com.controllocal.rest.seguridad.UsuarioAutenticado, int, int)> calls method <com.controllocal.dao.impl.VisitaDAOImpl.listarMes(java.util.Collection, java.util.Collection, int, int)> in (VisitasRest.java:293)
Method <com.controllocal.rest.VisitasRest.visitasDelMes(com.controllocal.rest.seguridad.UsuarioAutenticado, int, int)> calls method <com.controllocal.dao.impl.VisitaDAOImpl.listarMes(java.util.Collection, java.util.Collection, int, int)> in (VisitasRest.java:299)
Method <com.controllocal.rest.VisitasRest.visitasDelUsuarioPagina(com.controllocal.rest.seguridad.UsuarioAutenticado, int, int, java.lang.Long, java.lang.String, java.lang.String, java.lang.String)> calls method <com.controllocal.dao.impl.VisitaDAOImpl.contar(java.util.Collection, java.util.Collection, java.lang.Long, java.lang.String, java.lang.String, java.lang.String)> in (VisitasRest.java:254)
Method <com.controllocal.rest.VisitasRest.visitasDelUsuarioPagina(com.controllocal.rest.seguridad.UsuarioAutenticado, int, int, java.lang.Long, java.lang.String, java.lang.String, java.lang.String)> calls method <com.controllocal.dao.impl.VisitaDAOImpl.contar(java.util.Collection, java.util.Collection, java.lang.Long, java.lang.String, java.lang.String, java.lang.String)> in (VisitasRest.java:259)
Method <com.controllocal.rest.VisitasRest.visitasDelUsuarioPagina(com.controllocal.rest.seguridad.UsuarioAutenticado, int, int, java.lang.Long, java.lang.String, java.lang.String, java.lang.String)> calls method <com.controllocal.dao.impl.VisitaDAOImpl.contar(java.util.Collection, java.util.Collection, java.lang.Long, java.lang.String, java.lang.String, java.lang.String)> in (VisitasRest.java:267)
Method <com.controllocal.rest.VisitasRest.visitasDelUsuarioPagina(com.controllocal.rest.seguridad.UsuarioAutenticado, int, int, java.lang.Long, java.lang.String, java.lang.String, java.lang.String)> calls method <com.controllocal.dao.impl.VisitaDAOImpl.listarPagina(java.util.Collection, java.util.Collection, java.lang.Long, java.lang.String, java.lang.String, java.lang.String, int, int)> in (VisitasRest.java:253)
Method <com.controllocal.rest.VisitasRest.visitasDelUsuarioPagina(com.controllocal.rest.seguridad.UsuarioAutenticado, int, int, java.lang.Long, java.lang.String, java.lang.String, java.lang.String)> calls method <com.controllocal.dao.impl.VisitaDAOImpl.listarPagina(java.util.Collection, java.util.Collection, java.lang.Long, java.lang.String, java.lang.String, java.lang.String, int, int)> in (VisitasRest.java:258)
Method <com.controllocal.rest.VisitasRest.visitasDelUsuarioPagina(com.controllocal.rest.seguridad.UsuarioAutenticado, int, int, java.lang.Long, java.lang.String, java.lang.String, java.lang.String)> calls method <com.controllocal.dao.impl.VisitaDAOImpl.listarPagina(java.util.Collection, java.util.Collection, java.lang.Long, java.lang.String, java.lang.String, java.lang.String, int, int)> in (VisitasRest.java:266)
Method <com.controllocal.rest.VisitasRest.visitasProximasDelUsuario(com.controllocal.rest.seguridad.UsuarioAutenticado, int)> calls method <com.controllocal.dao.impl.VisitaDAOImpl.listarProximas(java.util.Collection, java.util.Collection, int)> in (VisitasRest.java:274)
Method <com.controllocal.rest.VisitasRest.visitasProximasDelUsuario(com.controllocal.rest.seguridad.UsuarioAutenticado, int)> calls method <com.controllocal.dao.impl.VisitaDAOImpl.listarProximas(java.util.Collection, java.util.Collection, int)> in (VisitasRest.java:277)
Method <com.controllocal.rest.VisitasRest.visitasProximasDelUsuario(com.controllocal.rest.seguridad.UsuarioAutenticado, int)> calls method <com.controllocal.dao.impl.VisitaDAOImpl.listarProximas(java.util.Collection, java.util.Collection, int)> in (VisitasRest.java:283)
	at com.tngtech.archunit.lang.ArchRule$Assertions.assertNoViolation(ArchRule.java:94)
	at com.tngtech.archunit.lang.ArchRule$Assertions.check(ArchRule.java:86)
	at com.tngtech.archunit.lang.ArchRule$Factory$SimpleArchRule.check(ArchRule.java:165)
	at com.controllocal.rest.arquitectura.ArquitecturaCapasTest.la_capa_rest_no_accede_directamente_al_dao(ArquitecturaCapasTest.java:28)
	at java.base/java.lang.reflect.Method.invoke(Method.java:565)
	at java.base/java.util.ArrayList.forEach(ArrayList.java:1604)
	at java.base/java.util.ArrayList.forEach(ArrayList.java:1604)
]]></failure>
  </testcase>
</testsuite>